2022-02-17 13:25:50
loading vocab...
dataManager initialized...
mode:train
loading data...
validation set is not exist, built...
training set size:0, validation set siez:1
++++++++++++++++++++training start++++++++++++++++++++
epoch: 1/20
start evaluate engines...
time consumption: 0.00(min), accuracy:0.000
epoch: 2/20
start evaluate engines...
time consumption: 0.00(min), accuracy:0.000
epoch: 3/20
start evaluate engines...
time consumption: 0.00(min), accuracy:0.000
early stopped, no process obtained with 3 epoch
overall best acc is 0.0 at 0 epoch
total training time consumption: 0.120(min)
